D:\ELFAK\IV SEMESTAR\STRUKTURE PODATAKA\PROGRAMI VEZBANJE\LAB3\ZAD8\DEBUG\ZAD8.EXE
D:\ELFAK\IV SEMESTAR\STRUKTURE PODATAKA\PROGRAMI VEZBANJE\LAB3\ZAD8\DEBUG\ZAD8.ILK
D:\ELFAK\IV SEMESTAR\STRUKTURE PODATAKA\PROGRAMI VEZBANJE\LAB3\ZAD8\DEBUG\ZAD8.PDB
D:\Elfak\IV Semestar\Strukture Podataka\Programi vezbanje\Lab3\zad8\zad8\Debug\cl.command.1.tlog
D:\Elfak\IV Semestar\Strukture Podataka\Programi vezbanje\Lab3\zad8\zad8\Debug\CL.read.1.tlog
D:\Elfak\IV Semestar\Strukture Podataka\Programi vezbanje\Lab3\zad8\zad8\Debug\CL.write.1.tlog
D:\Elfak\IV Semestar\Strukture Podataka\Programi vezbanje\Lab3\zad8\zad8\Debug\link.6736.read.1.tlog
D:\Elfak\IV Semestar\Strukture Podataka\Programi vezbanje\Lab3\zad8\zad8\Debug\link.6736.write.1.tlog
D:\Elfak\IV Semestar\Strukture Podataka\Programi vezbanje\Lab3\zad8\zad8\Debug\link.6736-cvtres.read.1.tlog
D:\Elfak\IV Semestar\Strukture Podataka\Programi vezbanje\Lab3\zad8\zad8\Debug\link.6736-cvtres.write.1.tlog
D:\Elfak\IV Semestar\Strukture Podataka\Programi vezbanje\Lab3\zad8\zad8\Debug\link.command.1.tlog
D:\Elfak\IV Semestar\Strukture Podataka\Programi vezbanje\Lab3\zad8\zad8\Debug\link.read.1.tlog
D:\Elfak\IV Semestar\Strukture Podataka\Programi vezbanje\Lab3\zad8\zad8\Debug\link.write.1.tlog
D:\Elfak\IV Semestar\Strukture Podataka\Programi vezbanje\Lab3\zad8\zad8\Debug\link-cvtres.read.1.tlog
D:\Elfak\IV Semestar\Strukture Podataka\Programi vezbanje\Lab3\zad8\zad8\Debug\link-cvtres.write.1.tlog
D:\ELFAK\IV SEMESTAR\STRUKTURE PODATAKA\PROGRAMI VEZBANJE\LAB3\ZAD8\ZAD8\DEBUG\MAIN.OBJ
D:\Elfak\IV Semestar\Strukture Podataka\Programi vezbanje\Lab3\zad8\zad8\Debug\mt.command.1.tlog
D:\Elfak\IV Semestar\Strukture Podataka\Programi vezbanje\Lab3\zad8\zad8\Debug\mt.read.1.tlog
D:\Elfak\IV Semestar\Strukture Podataka\Programi vezbanje\Lab3\zad8\zad8\Debug\mt.write.1.tlog
D:\ELFAK\IV SEMESTAR\STRUKTURE PODATAKA\PROGRAMI VEZBANJE\LAB3\ZAD8\ZAD8\DEBUG\NODE.OBJ
D:\Elfak\IV Semestar\Strukture Podataka\Programi vezbanje\Lab3\zad8\zad8\Debug\rc.command.1.tlog
D:\Elfak\IV Semestar\Strukture Podataka\Programi vezbanje\Lab3\zad8\zad8\Debug\rc.read.1.tlog
D:\Elfak\IV Semestar\Strukture Podataka\Programi vezbanje\Lab3\zad8\zad8\Debug\rc.write.1.tlog
D:\ELFAK\IV SEMESTAR\STRUKTURE PODATAKA\PROGRAMI VEZBANJE\LAB3\ZAD8\ZAD8\DEBUG\STEK.OBJ
D:\Elfak\IV Semestar\Strukture Podataka\Programi vezbanje\Lab3\zad8\zad8\Debug\vc100.idb
D:\ELFAK\IV SEMESTAR\STRUKTURE PODATAKA\PROGRAMI VEZBANJE\LAB3\ZAD8\ZAD8\DEBUG\VC100.PDB
D:\ELFAK\IV SEMESTAR\STRUKTURE PODATAKA\PROGRAMI VEZBANJE\LAB3\ZAD8\ZAD8\DEBUG\ZAD8.EXE.EMBED.MANIFEST
D:\ELFAK\IV SEMESTAR\STRUKTURE PODATAKA\PROGRAMI VEZBANJE\LAB3\ZAD8\ZAD8\DEBUG\ZAD8.EXE.EMBED.MANIFEST.RES
D:\ELFAK\IV SEMESTAR\STRUKTURE PODATAKA\PROGRAMI VEZBANJE\LAB3\ZAD8\ZAD8\DEBUG\ZAD8.EXE.INTERMEDIATE.MANIFEST
D:\Elfak\IV Semestar\Strukture Podataka\Programi vezbanje\Lab3\zad8\zad8\Debug\zad8_manifest.rc
