D:\Elfak\IV Semestar\Strukture Podataka\Programi vezbanje\Lab3\zad2\Debug\zad2.pdb
D:\Elfak\IV Semestar\Strukture Podataka\Programi vezbanje\Lab3\zad2\zad2\Debug\cl.command.1.tlog
D:\Elfak\IV Semestar\Strukture Podataka\Programi vezbanje\Lab3\zad2\zad2\Debug\CL.read.1.tlog
D:\Elfak\IV Semestar\Strukture Podataka\Programi vezbanje\Lab3\zad2\zad2\Debug\CL.write.1.tlog
D:\ELFAK\IV SEMESTAR\STRUKTURE PODATAKA\PROGRAMI VEZBANJE\LAB3\ZAD2\ZAD2\DEBUG\DEQUEUE.OBJ
D:\Elfak\IV Semestar\Strukture Podataka\Programi vezbanje\Lab3\zad2\zad2\Debug\link.command.1.tlog
D:\Elfak\IV Semestar\Strukture Podataka\Programi vezbanje\Lab3\zad2\zad2\Debug\link.read.1.tlog
D:\Elfak\IV Semestar\Strukture Podataka\Programi vezbanje\Lab3\zad2\zad2\Debug\link.write.1.tlog
D:\Elfak\IV Semestar\Strukture Podataka\Programi vezbanje\Lab3\zad2\zad2\Debug\link-cvtres.read.1.tlog
D:\Elfak\IV Semestar\Strukture Podataka\Programi vezbanje\Lab3\zad2\zad2\Debug\link-cvtres.write.1.tlog
D:\ELFAK\IV SEMESTAR\STRUKTURE PODATAKA\PROGRAMI VEZBANJE\LAB3\ZAD2\ZAD2\DEBUG\MAIN.OBJ
D:\Elfak\IV Semestar\Strukture Podataka\Programi vezbanje\Lab3\zad2\zad2\Debug\rc.command.1.tlog
D:\Elfak\IV Semestar\Strukture Podataka\Programi vezbanje\Lab3\zad2\zad2\Debug\rc.read.1.tlog
D:\Elfak\IV Semestar\Strukture Podataka\Programi vezbanje\Lab3\zad2\zad2\Debug\rc.write.1.tlog
D:\ELFAK\IV SEMESTAR\STRUKTURE PODATAKA\PROGRAMI VEZBANJE\LAB3\ZAD2\ZAD2\DEBUG\STACKASARRAY.OBJ
D:\Elfak\IV Semestar\Strukture Podataka\Programi vezbanje\Lab3\zad2\zad2\Debug\vc100.idb
D:\ELFAK\IV SEMESTAR\STRUKTURE PODATAKA\PROGRAMI VEZBANJE\LAB3\ZAD2\ZAD2\DEBUG\VC100.PDB
D:\Elfak\IV Semestar\Strukture Podataka\Programi vezbanje\Lab3\zad2\zad2\Debug\zad2.exe.embed.manifest
D:\ELFAK\IV SEMESTAR\STRUKTURE PODATAKA\PROGRAMI VEZBANJE\LAB3\ZAD2\ZAD2\DEBUG\ZAD2.EXE.EMBED.MANIFEST.RES
D:\Elfak\IV Semestar\Strukture Podataka\Programi vezbanje\Lab3\zad2\zad2\Debug\zad2.exe.intermediate.manifest
D:\Elfak\IV Semestar\Strukture Podataka\Programi vezbanje\Lab3\zad2\zad2\Debug\zad2_manifest.rc
