D:\ELFAK\IV SEMESTAR\STRUKTURE PODATAKA\PROGRAMI VEZBANJE\LAB3\ZAD11\DEBUG\ZAD11.EXE
D:\ELFAK\IV SEMESTAR\STRUKTURE PODATAKA\PROGRAMI VEZBANJE\LAB3\ZAD11\DEBUG\ZAD11.ILK
D:\ELFAK\IV SEMESTAR\STRUKTURE PODATAKA\PROGRAMI VEZBANJE\LAB3\ZAD11\DEBUG\ZAD11.PDB
D:\Elfak\IV Semestar\Strukture Podataka\Programi vezbanje\Lab3\zad11\zad11\Debug\cl.command.1.tlog
D:\Elfak\IV Semestar\Strukture Podataka\Programi vezbanje\Lab3\zad11\zad11\Debug\CL.read.1.tlog
D:\Elfak\IV Semestar\Strukture Podataka\Programi vezbanje\Lab3\zad11\zad11\Debug\CL.write.1.tlog
D:\Elfak\IV Semestar\Strukture Podataka\Programi vezbanje\Lab3\zad11\zad11\Debug\link.8956.read.1.tlog
D:\Elfak\IV Semestar\Strukture Podataka\Programi vezbanje\Lab3\zad11\zad11\Debug\link.8956.write.1.tlog
D:\Elfak\IV Semestar\Strukture Podataka\Programi vezbanje\Lab3\zad11\zad11\Debug\link.8956-cvtres.read.1.tlog
D:\Elfak\IV Semestar\Strukture Podataka\Programi vezbanje\Lab3\zad11\zad11\Debug\link.8956-cvtres.write.1.tlog
D:\Elfak\IV Semestar\Strukture Podataka\Programi vezbanje\Lab3\zad11\zad11\Debug\link.command.1.tlog
D:\Elfak\IV Semestar\Strukture Podataka\Programi vezbanje\Lab3\zad11\zad11\Debug\link.read.1.tlog
D:\Elfak\IV Semestar\Strukture Podataka\Programi vezbanje\Lab3\zad11\zad11\Debug\link.write.1.tlog
D:\Elfak\IV Semestar\Strukture Podataka\Programi vezbanje\Lab3\zad11\zad11\Debug\link-cvtres.read.1.tlog
D:\Elfak\IV Semestar\Strukture Podataka\Programi vezbanje\Lab3\zad11\zad11\Debug\link-cvtres.write.1.tlog
D:\ELFAK\IV SEMESTAR\STRUKTURE PODATAKA\PROGRAMI VEZBANJE\LAB3\ZAD11\ZAD11\DEBUG\MAIN.OBJ
D:\Elfak\IV Semestar\Strukture Podataka\Programi vezbanje\Lab3\zad11\zad11\Debug\mt.command.1.tlog
D:\Elfak\IV Semestar\Strukture Podataka\Programi vezbanje\Lab3\zad11\zad11\Debug\mt.read.1.tlog
D:\Elfak\IV Semestar\Strukture Podataka\Programi vezbanje\Lab3\zad11\zad11\Debug\mt.write.1.tlog
D:\Elfak\IV Semestar\Strukture Podataka\Programi vezbanje\Lab3\zad11\zad11\Debug\rc.command.1.tlog
D:\Elfak\IV Semestar\Strukture Podataka\Programi vezbanje\Lab3\zad11\zad11\Debug\rc.read.1.tlog
D:\Elfak\IV Semestar\Strukture Podataka\Programi vezbanje\Lab3\zad11\zad11\Debug\rc.write.1.tlog
D:\ELFAK\IV SEMESTAR\STRUKTURE PODATAKA\PROGRAMI VEZBANJE\LAB3\ZAD11\ZAD11\DEBUG\STEK.OBJ
D:\Elfak\IV Semestar\Strukture Podataka\Programi vezbanje\Lab3\zad11\zad11\Debug\vc100.idb
D:\ELFAK\IV SEMESTAR\STRUKTURE PODATAKA\PROGRAMI VEZBANJE\LAB3\ZAD11\ZAD11\DEBUG\VC100.PDB
D:\ELFAK\IV SEMESTAR\STRUKTURE PODATAKA\PROGRAMI VEZBANJE\LAB3\ZAD11\ZAD11\DEBUG\ZAD11.EXE.EMBED.MANIFEST
D:\ELFAK\IV SEMESTAR\STRUKTURE PODATAKA\PROGRAMI VEZBANJE\LAB3\ZAD11\ZAD11\DEBUG\ZAD11.EXE.EMBED.MANIFEST.RES
D:\ELFAK\IV SEMESTAR\STRUKTURE PODATAKA\PROGRAMI VEZBANJE\LAB3\ZAD11\ZAD11\DEBUG\ZAD11.EXE.INTERMEDIATE.MANIFEST
D:\Elfak\IV Semestar\Strukture Podataka\Programi vezbanje\Lab3\zad11\zad11\Debug\zad11_manifest.rc
