Build started 02-Apr-13 20:39:32.
     1>Project "D:\ELFUCK\IV semestar\Strukture podataka\Lab vezbe\Lab3\zad11\zad11\zad11.vcxproj" on node 2 (build target(s)).
     1>InitializeBuildStatus:
         Creating "Debug\zad11.unsuccessfulbuild" because "AlwaysCreate" was specified.
       ClCompile:
         C:\Program Files (x86)\Microsoft Visual Studio 10.0\VC\bin\CL.exe /c /ZI /nologo /W3 /WX- /Od /Oy- /D WIN32 /D _DEBUG /D _CONSOLE /D _UNICODE /D UNICODE /Gm /EHsc /RTC1 /MDd /GS /fp:precise /Zc:wchar_t /Zc:forScope /Fo"Debug\\" /Fd"Debug\vc100.pdb" /Gd /TP /analyze- /errorReport:prompt main.cpp Stek.cpp
         Stek.cpp
         main.cpp
     1>d:\elfuck\iv semestar\strukture podataka\lab vezbe\lab3\zad11\zad11\main.cpp(8): warning C4018: '<' : signed/unsigned mismatch
     1>d:\elfuck\iv semestar\strukture podataka\lab vezbe\lab3\zad11\zad11\main.cpp(162): warning C4996: 'strcpy': This function or variable may be unsafe. Consider using strcpy_s instead. To disable deprecation, use _CRT_SECURE_NO_WARNINGS. See online help for details.
                 c:\program files (x86)\microsoft visual studio 10.0\vc\include\string.h(105) : see declaration of 'strcpy'
         Generating Code...
       ManifestResourceCompile:
         C:\Program Files (x86)\Microsoft SDKs\Windows\v7.0A\bin\rc.exe /nologo /fo"Debug\zad11.exe.embed.manifest.res" Debug\zad11_manifest.rc 
       Link:
         C:\Program Files (x86)\Microsoft Visual Studio 10.0\VC\bin\link.exe /ERRORREPORT:PROMPT /OUT:"D:\ELFUCK\IV semestar\Strukture podataka\Lab vezbe\Lab3\zad11\Debug\zad11.exe" /INCREMENTAL /NOLOGO kernel32.lib user32.lib gdi32.lib winspool.lib comdlg32.lib advapi32.lib shell32.lib ole32.lib oleaut32.lib uuid.lib odbc32.lib odbccp32.lib /MANIFEST /ManifestFile:"Debug\zad11.exe.intermediate.manifest" /MANIFESTUAC:"level='asInvoker' uiAccess='false'" /DEBUG /PDB:"D:\ELFUCK\IV semestar\Strukture podataka\Lab vezbe\Lab3\zad11\Debug\zad11.pdb" /SUBSYSTEM:CONSOLE /TLBID:1 /DYNAMICBASE /NXCOMPAT /IMPLIB:"D:\ELFUCK\IV semestar\Strukture podataka\Lab vezbe\Lab3\zad11\Debug\zad11.lib" /MACHINE:X86 Debug\zad11.exe.embed.manifest.res
         Debug\main.obj
         Debug\Stek.obj
         LINK : D:\ELFUCK\IV semestar\Strukture podataka\Lab vezbe\Lab3\zad11\Debug\zad11.exe not found or not built by the last incremental link; performing full link
       Manifest:
         C:\Program Files (x86)\Microsoft SDKs\Windows\v7.0A\bin\mt.exe /nologo /verbose /out:"Debug\zad11.exe.embed.manifest" /manifest Debug\zad11.exe.intermediate.manifest
         All outputs are up-to-date.
       LinkEmbedManifest:
         All outputs are up-to-date.
         zad11.vcxproj -> D:\ELFUCK\IV semestar\Strukture podataka\Lab vezbe\Lab3\zad11\Debug\zad11.exe
       FinalizeBuildStatus:
         Deleting file "Debug\zad11.unsuccessfulbuild".
         Touching "Debug\zad11.lastbuildstate".
     1>Done Building Project "D:\ELFUCK\IV semestar\Strukture podataka\Lab vezbe\Lab3\zad11\zad11\zad11.vcxproj" (build target(s)).

Build succeeded.

Time Elapsed 00:00:04.40
