Build started 29-Mar-14 15:54:59.
     1>Project "D:\Dokumenta\Elektronski fakultet Nis\IV semestar\Strukture podataka\Lab vezbe\LabVezba3\Zadatak1\Zadatak1\Zadatak1.vcxproj" on node 2 (Build target(s)).
     1>ClCompile:
         C:\Program Files (x86)\Microsoft Visual Studio 12.0\VC\bin\CL.exe /c /ZI /nologo /W3 /WX- /Od /Oy- /D WIN32 /D _DEBUG /D _CONSOLE /D _UNICODE /D UNICODE /Gm /EHsc /RTC1 /MDd /GS /fp:precise /Zc:wchar_t /Zc:forScope /Fo"Debug\\" /Fd"Debug\vc120.pdb" /Gd /TP /analyze- /errorReport:prompt StackAsArray.cpp main.cpp
         main.cpp
         StackAsArray.cpp
         Generating Code...
       Link:
         C:\Program Files (x86)\Microsoft Visual Studio 12.0\VC\bin\link.exe /ERRORREPORT:PROMPT /OUT:"D:\Dokumenta\Elektronski fakultet Nis\IV semestar\Strukture podataka\Lab vezbe\LabVezba3\Zadatak1\Debug\Zadatak1.exe" /INCREMENTAL /NOLOGO kernel32.lib user32.lib gdi32.lib winspool.lib comdlg32.lib advapi32.lib shell32.lib ole32.lib oleaut32.lib uuid.lib odbc32.lib odbccp32.lib /MANIFEST /MANIFESTUAC:"level='asInvoker' uiAccess='false'" /manifest:embed /DEBUG /PDB:"D:\Dokumenta\Elektronski fakultet Nis\IV semestar\Strukture podataka\Lab vezbe\LabVezba3\Zadatak1\Debug\Zadatak1.pdb" /SUBSYSTEM:CONSOLE /TLBID:1 /DYNAMICBASE /NXCOMPAT /IMPLIB:"D:\Dokumenta\Elektronski fakultet Nis\IV semestar\Strukture podataka\Lab vezbe\LabVezba3\Zadatak1\Debug\Zadatak1.lib" /MACHINE:X86 Debug\main.obj
         Debug\QueueAsArray.obj
         Debug\StackAsArray.obj
     1>QueueAsArray.obj : error LNK2001: unresolved external symbol "public: virtual int __thiscall QueueAsArray::getHead(void)" (?getHead@QueueAsArray@@UAEHXZ)
     1>QueueAsArray.obj : error LNK2001: unresolved external symbol "public: virtual int __thiscall QueueAsArray::NumberOfElements(void)" (?NumberOfElements@QueueAsArray@@UAEHXZ)
     1>QueueAsArray.obj : error LNK2001: unresolved external symbol "public: virtual bool __thiscall QueueAsArray::isEmpty(void)" (?isEmpty@QueueAsArray@@UAE_NXZ)
     1>QueueAsArray.obj : error LNK2001: unresolved external symbol "public: virtual void __thiscall QueueAsArray::enqueue(int)" (?enqueue@QueueAsArray@@UAEXH@Z)
     1>QueueAsArray.obj : error LNK2001: unresolved external symbol "public: virtual int __thiscall QueueAsArray::dequeue(void)" (?dequeue@QueueAsArray@@UAEHXZ)
     1>StackAsArray.obj : error LNK2001: unresolved external symbol "public: virtual int __thiscall StackAsArray::getHead(void)" (?getHead@StackAsArray@@UAEHXZ)
     1>D:\Dokumenta\Elektronski fakultet Nis\IV semestar\Strukture podataka\Lab vezbe\LabVezba3\Zadatak1\Debug\Zadatak1.exe : fatal error LNK1120: 6 unresolved externals
     1>Done Building Project "D:\Dokumenta\Elektronski fakultet Nis\IV semestar\Strukture podataka\Lab vezbe\LabVezba3\Zadatak1\Zadatak1\Zadatak1.vcxproj" (Build target(s)) -- FAILED.

Build FAILED.

Time Elapsed 00:00:01.62
