Build started 16-Mar-13 16:26:58.
     1>Project "C:\Users\LAZAR\Documents\Visual Studio 2010\Projects\Strukture podataka\CPolinom2\CPolinom2\CPolinom2.vcxproj" on node 2 (build target(s)).
     1>InitializeBuildStatus:
         Creating "Debug\CPolinom2.unsuccessfulbuild" because "AlwaysCreate" was specified.
       ClCompile:
         C:\Program Files (x86)\Microsoft Visual Studio 10.0\VC\bin\CL.exe /c /ZI /nologo /W3 /WX- /Od /Oy- /D WIN32 /D _DEBUG /D _CONSOLE /D _UNICODE /D UNICODE /Gm /EHsc /RTC1 /MDd /GS /fp:precise /Zc:wchar_t /Zc:forScope /Fo"Debug\\" /Fd"Debug\vc100.pdb" /Gd /TP /analyze- /errorReport:prompt Polinom.cpp main.cpp
         Polinom.cpp
     1>c:\users\lazar\documents\visual studio 2010\projects\strukture podataka\cpolinom2\cpolinom2\polinom.cpp(35): warning C4172: returning address of local variable or temporary
     1>c:\users\lazar\documents\visual studio 2010\projects\strukture podataka\cpolinom2\cpolinom2\polinom.cpp(44): warning C4172: returning address of local variable or temporary
         Generating Code...
         Compiling...
         main.cpp
         Generating Code...
       ManifestResourceCompile:
         All outputs are up-to-date.
       Link:
         C:\Program Files (x86)\Microsoft Visual Studio 10.0\VC\bin\link.exe /ERRORREPORT:PROMPT /OUT:"C:\Users\LAZAR\Documents\Visual Studio 2010\Projects\Strukture podataka\CPolinom2\Debug\CPolinom2.exe" /INCREMENTAL /NOLOGO kernel32.lib user32.lib gdi32.lib winspool.lib comdlg32.lib advapi32.lib shell32.lib ole32.lib oleaut32.lib uuid.lib odbc32.lib odbccp32.lib /MANIFEST /ManifestFile:"Debug\CPolinom2.exe.intermediate.manifest" /MANIFESTUAC:"level='asInvoker' uiAccess='false'" /DEBUG /PDB:"C:\Users\LAZAR\Documents\Visual Studio 2010\Projects\Strukture podataka\CPolinom2\Debug\CPolinom2.pdb" /SUBSYSTEM:CONSOLE /TLBID:1 /DYNAMICBASE /NXCOMPAT /IMPLIB:"C:\Users\LAZAR\Documents\Visual Studio 2010\Projects\Strukture podataka\CPolinom2\Debug\CPolinom2.lib" /MACHINE:X86 Debug\CPolinom2.exe.embed.manifest.res
         Debug\main.obj
         Debug\Polinom.obj
       Manifest:
         C:\Program Files (x86)\Microsoft SDKs\Windows\v7.0A\bin\mt.exe /nologo /verbose /out:"Debug\CPolinom2.exe.embed.manifest" /manifest Debug\CPolinom2.exe.intermediate.manifest
         All outputs are up-to-date.
       LinkEmbedManifest:
         All outputs are up-to-date.
         CPolinom2.vcxproj -> C:\Users\LAZAR\Documents\Visual Studio 2010\Projects\Strukture podataka\CPolinom2\Debug\CPolinom2.exe
       FinalizeBuildStatus:
         Deleting file "Debug\CPolinom2.unsuccessfulbuild".
         Touching "Debug\CPolinom2.lastbuildstate".
     1>Done Building Project "C:\Users\LAZAR\Documents\Visual Studio 2010\Projects\Strukture podataka\CPolinom2\CPolinom2\CPolinom2.vcxproj" (build target(s)).

Build succeeded.

Time Elapsed 00:00:05.08
