Build started 3/30/2013 2:23:43 PM.
     1>Project "D:\Elfak\IV Semestar\Strukture Podataka\Programi vezbanje\Lab3\zad7\zad7\zad7.vcxproj" on node 2 (build target(s)).
     1>InitializeBuildStatus:
         Creating "Debug\zad7.unsuccessfulbuild" because "AlwaysCreate" was specified.
       ClCompile:
         C:\Program Files (x86)\Microsoft Visual Studio 10.0\VC\bin\CL.exe /c /ZI /nologo /W3 /WX- /Od /Oy- /D WIN32 /D _DEBUG /D _CONSOLE /D _UNICODE /D UNICODE /Gm /EHsc /RTC1 /MDd /GS /fp:precise /Zc:wchar_t /Zc:forScope /Fo"Debug\\" /Fd"Debug\vc100.pdb" /Gd /TP /analyze- /errorReport:prompt Dvamagacina.cpp
         Dvamagacina.cpp
       ManifestResourceCompile:
         All outputs are up-to-date.
       Link:
         C:\Program Files (x86)\Microsoft Visual Studio 10.0\VC\bin\link.exe /ERRORREPORT:PROMPT /OUT:"D:\Elfak\IV Semestar\Strukture Podataka\Programi vezbanje\Lab3\zad7\Debug\zad7.exe" /INCREMENTAL /NOLOGO kernel32.lib user32.lib gdi32.lib winspool.lib comdlg32.lib advapi32.lib shell32.lib ole32.lib oleaut32.lib uuid.lib odbc32.lib odbccp32.lib /MANIFEST /ManifestFile:"Debug\zad7.exe.intermediate.manifest" /MANIFESTUAC:"level='asInvoker' uiAccess='false'" /DEBUG /PDB:"D:\Elfak\IV Semestar\Strukture Podataka\Programi vezbanje\Lab3\zad7\Debug\zad7.pdb" /SUBSYSTEM:CONSOLE /TLBID:1 /DYNAMICBASE /NXCOMPAT /IMPLIB:"D:\Elfak\IV Semestar\Strukture Podataka\Programi vezbanje\Lab3\zad7\Debug\zad7.lib" /MACHINE:X86 Debug\zad7.exe.embed.manifest.res
         Debug\Dvamagacina.obj
         Debug\main.obj
       Manifest:
         C:\Program Files (x86)\Microsoft SDKs\Windows\v7.0A\bin\mt.exe /nologo /verbose /out:"Debug\zad7.exe.embed.manifest" /manifest Debug\zad7.exe.intermediate.manifest
         All outputs are up-to-date.
       LinkEmbedManifest:
         All outputs are up-to-date.
         zad7.vcxproj -> D:\Elfak\IV Semestar\Strukture Podataka\Programi vezbanje\Lab3\zad7\Debug\zad7.exe
       FinalizeBuildStatus:
         Deleting file "Debug\zad7.unsuccessfulbuild".
         Touching "Debug\zad7.lastbuildstate".
     1>Done Building Project "D:\Elfak\IV Semestar\Strukture Podataka\Programi vezbanje\Lab3\zad7\zad7\zad7.vcxproj" (build target(s)).

Build succeeded.

Time Elapsed 00:00:02.49
