Build started 3/18/2013 9:08:01 PM.
     1>Project "D:\Aca\Programiranje\C++projekti\Lab1-Peti\Lab1-Peti\Lab1-Peti.vcxproj" on node 2 (build target(s)).
     1>InitializeBuildStatus:
         Creating "Debug\Lab1-Peti.unsuccessfulbuild" because "AlwaysCreate" was specified.
       ClCompile:
         C:\Program Files (x86)\Microsoft Visual Studio 10.0\VC\bin\CL.exe /c /ZI /nologo /W3 /WX- /Od /Oy- /D WIN32 /D _DEBUG /D _CONSOLE /D _UNICODE /D UNICODE /Gm /EHsc /RTC1 /MDd /GS /fp:precise /Zc:wchar_t /Zc:forScope /Fo"Debug\\" /Fd"Debug\vc100.pdb" /Gd /TP /analyze- /errorReport:prompt Cpolynom.cpp Glavni.cpp
         Glavni.cpp
         Cpolynom.cpp
     1>d:\aca\programiranje\c++projekti\lab1-peti\lab1-peti\cpolynom.cpp(33): warning C4172: returning address of local variable or temporary
     1>d:\aca\programiranje\c++projekti\lab1-peti\lab1-peti\cpolynom.cpp(23): warning C4101: 'temp' : unreferenced local variable
         Generating Code...
       ManifestResourceCompile:
         All outputs are up-to-date.
       Link:
         C:\Program Files (x86)\Microsoft Visual Studio 10.0\VC\bin\link.exe /ERRORREPORT:PROMPT /OUT:"D:\Aca\Programiranje\C++projekti\Lab1-Peti\Debug\Lab1-Peti.exe" /INCREMENTAL /NOLOGO kernel32.lib user32.lib gdi32.lib winspool.lib comdlg32.lib advapi32.lib shell32.lib ole32.lib oleaut32.lib uuid.lib odbc32.lib odbccp32.lib /MANIFEST /ManifestFile:"Debug\Lab1-Peti.exe.intermediate.manifest" /MANIFESTUAC:"level='asInvoker' uiAccess='false'" /DEBUG /PDB:"D:\Aca\Programiranje\C++projekti\Lab1-Peti\Debug\Lab1-Peti.pdb" /SUBSYSTEM:CONSOLE /TLBID:1 /DYNAMICBASE /NXCOMPAT /IMPLIB:"D:\Aca\Programiranje\C++projekti\Lab1-Peti\Debug\Lab1-Peti.lib" /MACHINE:X86 "Debug\Lab1-Peti.exe.embed.manifest.res"
         Debug\Cpolynom.obj
         Debug\Glavni.obj
       Manifest:
         C:\Program Files (x86)\Microsoft SDKs\Windows\v7.0A\bin\mt.exe /nologo /verbose /out:"Debug\Lab1-Peti.exe.embed.manifest" /manifest "Debug\Lab1-Peti.exe.intermediate.manifest"
         All outputs are up-to-date.
       LinkEmbedManifest:
         All outputs are up-to-date.
         Lab1-Peti.vcxproj -> D:\Aca\Programiranje\C++projekti\Lab1-Peti\Debug\Lab1-Peti.exe
       FinalizeBuildStatus:
         Deleting file "Debug\Lab1-Peti.unsuccessfulbuild".
         Touching "Debug\Lab1-Peti.lastbuildstate".
     1>Done Building Project "D:\Aca\Programiranje\C++projekti\Lab1-Peti\Lab1-Peti\Lab1-Peti.vcxproj" (build target(s)).

Build succeeded.

Time Elapsed 00:00:01.29
