Build started 3/27/2013 12:30:38 AM.
     1>Project "D:\Elfak\IV Semestar\Strukture Podataka\Programi vezbanje\Lab2\Bart\reorglist\reorglist\reorglist\reorglist.vcxproj" on node 2 (build target(s)).
     1>PrepareForBuild:
         Creating directory "D:\Elfak\IV Semestar\Strukture Podataka\Programi vezbanje\Lab2\Bart\reorglist\reorglist\Debug\".
       InitializeBuildStatus:
         Creating "Debug\reorglist.unsuccessfulbuild" because "AlwaysCreate" was specified.
       ClCompile:
         C:\Program Files (x86)\Microsoft Visual Studio 10.0\VC\bin\CL.exe /c /ZI /nologo /W3 /WX- /Od /Oy- /D WIN32 /D _DEBUG /D _CONSOLE /D _UNICODE /D UNICODE /Gm /EHsc /RTC1 /MDd /GS /fp:precise /Zc:wchar_t /Zc:forScope /Fo"Debug\\" /Fd"Debug\vc100.pdb" /Gd /TP /analyze- /errorReport:prompt main.cpp ReorgList.cpp
         ReorgList.cpp
         main.cpp
         Generating Code...
       ManifestResourceCompile:
         C:\Program Files (x86)\Microsoft SDKs\Windows\v7.0A\bin\rc.exe /nologo /fo"Debug\reorglist.exe.embed.manifest.res" Debug\reorglist_manifest.rc 
       Link:
         C:\Program Files (x86)\Microsoft Visual Studio 10.0\VC\bin\link.exe /ERRORREPORT:PROMPT /OUT:"D:\Elfak\IV Semestar\Strukture Podataka\Programi vezbanje\Lab2\Bart\reorglist\reorglist\Debug\reorglist.exe" /INCREMENTAL /NOLOGO kernel32.lib user32.lib gdi32.lib winspool.lib comdlg32.lib advapi32.lib shell32.lib ole32.lib oleaut32.lib uuid.lib odbc32.lib odbccp32.lib /MANIFEST /ManifestFile:"Debug\reorglist.exe.intermediate.manifest" /MANIFESTUAC:"level='asInvoker' uiAccess='false'" /DEBUG /PDB:"D:\Elfak\IV Semestar\Strukture Podataka\Programi vezbanje\Lab2\Bart\reorglist\reorglist\Debug\reorglist.pdb" /SUBSYSTEM:CONSOLE /TLBID:1 /DYNAMICBASE /NXCOMPAT /IMPLIB:"D:\Elfak\IV Semestar\Strukture Podataka\Programi vezbanje\Lab2\Bart\reorglist\reorglist\Debug\reorglist.lib" /MACHINE:X86 Debug\reorglist.exe.embed.manifest.res
         Debug\main.obj
         Debug\ReorgList.obj
       Manifest:
         C:\Program Files (x86)\Microsoft SDKs\Windows\v7.0A\bin\mt.exe /nologo /verbose /out:"Debug\reorglist.exe.embed.manifest" /manifest Debug\reorglist.exe.intermediate.manifest
         C:\Program Files (x86)\Microsoft SDKs\Windows\v7.0A\bin\rc.exe /nologo /fo"Debug\reorglist.exe.embed.manifest.res" Debug\reorglist_manifest.rc 
       LinkEmbedManifest:
         C:\Program Files (x86)\Microsoft Visual Studio 10.0\VC\bin\link.exe /ERRORREPORT:PROMPT /OUT:"D:\Elfak\IV Semestar\Strukture Podataka\Programi vezbanje\Lab2\Bart\reorglist\reorglist\Debug\reorglist.exe" /INCREMENTAL /NOLOGO kernel32.lib user32.lib gdi32.lib winspool.lib comdlg32.lib advapi32.lib shell32.lib ole32.lib oleaut32.lib uuid.lib odbc32.lib odbccp32.lib /MANIFEST /ManifestFile:"Debug\reorglist.exe.intermediate.manifest" /MANIFESTUAC:"level='asInvoker' uiAccess='false'" /DEBUG /PDB:"D:\Elfak\IV Semestar\Strukture Podataka\Programi vezbanje\Lab2\Bart\reorglist\reorglist\Debug\reorglist.pdb" /SUBSYSTEM:CONSOLE /TLBID:1 /DYNAMICBASE /NXCOMPAT /IMPLIB:"D:\Elfak\IV Semestar\Strukture Podataka\Programi vezbanje\Lab2\Bart\reorglist\reorglist\Debug\reorglist.lib" /MACHINE:X86 Debug\reorglist.exe.embed.manifest.res
         Debug\main.obj
         Debug\ReorgList.obj
         reorglist.vcxproj -> D:\Elfak\IV Semestar\Strukture Podataka\Programi vezbanje\Lab2\Bart\reorglist\reorglist\Debug\reorglist.exe
       FinalizeBuildStatus:
         Deleting file "Debug\reorglist.unsuccessfulbuild".
         Touching "Debug\reorglist.lastbuildstate".
     1>Done Building Project "D:\Elfak\IV Semestar\Strukture Podataka\Programi vezbanje\Lab2\Bart\reorglist\reorglist\reorglist\reorglist.vcxproj" (build target(s)).

Build succeeded.

Time Elapsed 00:00:02.17
