Build started 4/2/2013 3:55:17 PM.
     1>Project "D:\Elfak\IV Semestar\Strukture Podataka\Programi vezbanje\Lab3\zad12\zad12\zad12.vcxproj" on node 2 (build target(s)).
     1>PrepareForBuild:
         Creating directory "D:\Elfak\IV Semestar\Strukture Podataka\Programi vezbanje\Lab3\zad12\Debug\".
       InitializeBuildStatus:
         Creating "Debug\zad12.unsuccessfulbuild" because "AlwaysCreate" was specified.
       ClCompile:
         C:\Program Files (x86)\Microsoft Visual Studio 10.0\VC\bin\CL.exe /c /ZI /nologo /W3 /WX- /Od /Oy- /D WIN32 /D _DEBUG /D _CONSOLE /D _UNICODE /D UNICODE /Gm /EHsc /RTC1 /MDd /GS /fp:precise /Zc:wchar_t /Zc:forScope /Fo"Debug\\" /Fd"Debug\vc100.pdb" /Gd /TP /analyze- /errorReport:prompt main.cpp Stek.cpp
         Stek.cpp
         main.cpp
     1>d:\elfak\iv semestar\strukture podataka\programi vezbanje\lab3\zad12\zad12\main.cpp(8): warning C4018: '<' : signed/unsigned mismatch
     1>d:\elfak\iv semestar\strukture podataka\programi vezbanje\lab3\zad12\zad12\main.cpp(161): warning C4996: 'strcpy': This function or variable may be unsafe. Consider using strcpy_s instead. To disable deprecation, use _CRT_SECURE_NO_WARNINGS. See online help for details.
                 c:\program files (x86)\microsoft visual studio 10.0\vc\include\string.h(105) : see declaration of 'strcpy'
         Generating Code...
       ManifestResourceCompile:
         C:\Program Files (x86)\Microsoft SDKs\Windows\v7.0A\bin\rc.exe /nologo /fo"Debug\zad12.exe.embed.manifest.res" Debug\zad12_manifest.rc 
       Link:
         C:\Program Files (x86)\Microsoft Visual Studio 10.0\VC\bin\link.exe /ERRORREPORT:PROMPT /OUT:"D:\Elfak\IV Semestar\Strukture Podataka\Programi vezbanje\Lab3\zad12\Debug\zad12.exe" /INCREMENTAL /NOLOGO kernel32.lib user32.lib gdi32.lib winspool.lib comdlg32.lib advapi32.lib shell32.lib ole32.lib oleaut32.lib uuid.lib odbc32.lib odbccp32.lib /MANIFEST /ManifestFile:"Debug\zad12.exe.intermediate.manifest" /MANIFESTUAC:"level='asInvoker' uiAccess='false'" /DEBUG /PDB:"D:\Elfak\IV Semestar\Strukture Podataka\Programi vezbanje\Lab3\zad12\Debug\zad12.pdb" /SUBSYSTEM:CONSOLE /TLBID:1 /DYNAMICBASE /NXCOMPAT /IMPLIB:"D:\Elfak\IV Semestar\Strukture Podataka\Programi vezbanje\Lab3\zad12\Debug\zad12.lib" /MACHINE:X86 Debug\zad12.exe.embed.manifest.res
         Debug\main.obj
         Debug\Stek.obj
       Manifest:
         C:\Program Files (x86)\Microsoft SDKs\Windows\v7.0A\bin\mt.exe /nologo /verbose /out:"Debug\zad12.exe.embed.manifest" /manifest Debug\zad12.exe.intermediate.manifest
         C:\Program Files (x86)\Microsoft SDKs\Windows\v7.0A\bin\rc.exe /nologo /fo"Debug\zad12.exe.embed.manifest.res" Debug\zad12_manifest.rc 
       LinkEmbedManifest:
         C:\Program Files (x86)\Microsoft Visual Studio 10.0\VC\bin\link.exe /ERRORREPORT:PROMPT /OUT:"D:\Elfak\IV Semestar\Strukture Podataka\Programi vezbanje\Lab3\zad12\Debug\zad12.exe" /INCREMENTAL /NOLOGO kernel32.lib user32.lib gdi32.lib winspool.lib comdlg32.lib advapi32.lib shell32.lib ole32.lib oleaut32.lib uuid.lib odbc32.lib odbccp32.lib /MANIFEST /ManifestFile:"Debug\zad12.exe.intermediate.manifest" /MANIFESTUAC:"level='asInvoker' uiAccess='false'" /DEBUG /PDB:"D:\Elfak\IV Semestar\Strukture Podataka\Programi vezbanje\Lab3\zad12\Debug\zad12.pdb" /SUBSYSTEM:CONSOLE /TLBID:1 /DYNAMICBASE /NXCOMPAT /IMPLIB:"D:\Elfak\IV Semestar\Strukture Podataka\Programi vezbanje\Lab3\zad12\Debug\zad12.lib" /MACHINE:X86 Debug\zad12.exe.embed.manifest.res
         Debug\main.obj
         Debug\Stek.obj
         zad12.vcxproj -> D:\Elfak\IV Semestar\Strukture Podataka\Programi vezbanje\Lab3\zad12\Debug\zad12.exe
       FinalizeBuildStatus:
         Deleting file "Debug\zad12.unsuccessfulbuild".
         Touching "Debug\zad12.lastbuildstate".
     1>Done Building Project "D:\Elfak\IV Semestar\Strukture Podataka\Programi vezbanje\Lab3\zad12\zad12\zad12.vcxproj" (build target(s)).

Build succeeded.

Time Elapsed 00:00:05.32
