D:\ELFAK\IV SEMESTAR\STRUKTURE PODATAKA\PROGRAMI VEZBANJE\LAB3\ZAD6\DEBUG\ZAD6.EXE
D:\ELFAK\IV SEMESTAR\STRUKTURE PODATAKA\PROGRAMI VEZBANJE\LAB3\ZAD6\DEBUG\ZAD6.ILK
D:\ELFAK\IV SEMESTAR\STRUKTURE PODATAKA\PROGRAMI VEZBANJE\LAB3\ZAD6\DEBUG\ZAD6.PDB
D:\Elfak\IV Semestar\Strukture Podataka\Programi vezbanje\Lab3\zad6\zad6\Debug\cl.command.1.tlog
D:\Elfak\IV Semestar\Strukture Podataka\Programi vezbanje\Lab3\zad6\zad6\Debug\CL.read.1.tlog
D:\Elfak\IV Semestar\Strukture Podataka\Programi vezbanje\Lab3\zad6\zad6\Debug\CL.write.1.tlog
D:\ELFAK\IV SEMESTAR\STRUKTURE PODATAKA\PROGRAMI VEZBANJE\LAB3\ZAD6\ZAD6\DEBUG\DEQUEUEASLLIST.OBJ
D:\Elfak\IV Semestar\Strukture Podataka\Programi vezbanje\Lab3\zad6\zad6\Debug\link.7704.read.1.tlog
D:\Elfak\IV Semestar\Strukture Podataka\Programi vezbanje\Lab3\zad6\zad6\Debug\link.7704.write.1.tlog
D:\Elfak\IV Semestar\Strukture Podataka\Programi vezbanje\Lab3\zad6\zad6\Debug\link.7704-cvtres.read.1.tlog
D:\Elfak\IV Semestar\Strukture Podataka\Programi vezbanje\Lab3\zad6\zad6\Debug\link.7704-cvtres.write.1.tlog
D:\Elfak\IV Semestar\Strukture Podataka\Programi vezbanje\Lab3\zad6\zad6\Debug\link.command.1.tlog
D:\Elfak\IV Semestar\Strukture Podataka\Programi vezbanje\Lab3\zad6\zad6\Debug\link.read.1.tlog
D:\Elfak\IV Semestar\Strukture Podataka\Programi vezbanje\Lab3\zad6\zad6\Debug\link.write.1.tlog
D:\Elfak\IV Semestar\Strukture Podataka\Programi vezbanje\Lab3\zad6\zad6\Debug\link-cvtres.read.1.tlog
D:\Elfak\IV Semestar\Strukture Podataka\Programi vezbanje\Lab3\zad6\zad6\Debug\link-cvtres.write.1.tlog
D:\ELFAK\IV SEMESTAR\STRUKTURE PODATAKA\PROGRAMI VEZBANJE\LAB3\ZAD6\ZAD6\DEBUG\MAIN.OBJ
D:\Elfak\IV Semestar\Strukture Podataka\Programi vezbanje\Lab3\zad6\zad6\Debug\mt.command.1.tlog
D:\Elfak\IV Semestar\Strukture Podataka\Programi vezbanje\Lab3\zad6\zad6\Debug\mt.read.1.tlog
D:\Elfak\IV Semestar\Strukture Podataka\Programi vezbanje\Lab3\zad6\zad6\Debug\mt.write.1.tlog
D:\ELFAK\IV SEMESTAR\STRUKTURE PODATAKA\PROGRAMI VEZBANJE\LAB3\ZAD6\ZAD6\DEBUG\NODE.OBJ
D:\Elfak\IV Semestar\Strukture Podataka\Programi vezbanje\Lab3\zad6\zad6\Debug\rc.command.1.tlog
D:\Elfak\IV Semestar\Strukture Podataka\Programi vezbanje\Lab3\zad6\zad6\Debug\rc.read.1.tlog
D:\Elfak\IV Semestar\Strukture Podataka\Programi vezbanje\Lab3\zad6\zad6\Debug\rc.write.1.tlog
D:\Elfak\IV Semestar\Strukture Podataka\Programi vezbanje\Lab3\zad6\zad6\Debug\vc100.idb
D:\ELFAK\IV SEMESTAR\STRUKTURE PODATAKA\PROGRAMI VEZBANJE\LAB3\ZAD6\ZAD6\DEBUG\VC100.PDB
D:\ELFAK\IV SEMESTAR\STRUKTURE PODATAKA\PROGRAMI VEZBANJE\LAB3\ZAD6\ZAD6\DEBUG\ZAD6.EXE.EMBED.MANIFEST
D:\ELFAK\IV SEMESTAR\STRUKTURE PODATAKA\PROGRAMI VEZBANJE\LAB3\ZAD6\ZAD6\DEBUG\ZAD6.EXE.EMBED.MANIFEST.RES
D:\ELFAK\IV SEMESTAR\STRUKTURE PODATAKA\PROGRAMI VEZBANJE\LAB3\ZAD6\ZAD6\DEBUG\ZAD6.EXE.INTERMEDIATE.MANIFEST
D:\Elfak\IV Semestar\Strukture Podataka\Programi vezbanje\Lab3\zad6\zad6\Debug\zad6_manifest.rc
