Build started 3/30/2013 1:34:36 PM.
     1>Project "D:\Elfak\IV Semestar\Strukture Podataka\Programi vezbanje\Lab3\zad6\zad6\zad6.vcxproj" on node 2 (rebuild target(s)).
     1>_PrepareForClean:
         Deleting file "Debug\zad6.lastbuildstate".
       InitializeBuildStatus:
         Creating "Debug\zad6.unsuccessfulbuild" because "AlwaysCreate" was specified.
       ClCompile:
         C:\Program Files (x86)\Microsoft Visual Studio 10.0\VC\bin\CL.exe /c /ZI /nologo /W3 /WX- /Od /Oy- /D WIN32 /D _DEBUG /D _CONSOLE /D _UNICODE /D UNICODE /Gm /EHsc /RTC1 /MDd /GS /fp:precise /Zc:wchar_t /Zc:forScope /Fo"Debug\\" /Fd"Debug\vc100.pdb" /Gd /TP /analyze- /errorReport:prompt DequeueAsLList.cpp main.cpp Node.cpp
         Node.cpp
         main.cpp
         DequeueAsLList.cpp
         Generating Code...
       ManifestResourceCompile:
         C:\Program Files (x86)\Microsoft SDKs\Windows\v7.0A\bin\rc.exe /nologo /fo"Debug\zad6.exe.embed.manifest.res" Debug\zad6_manifest.rc 
       Link:
         C:\Program Files (x86)\Microsoft Visual Studio 10.0\VC\bin\link.exe /ERRORREPORT:PROMPT /OUT:"D:\Elfak\IV Semestar\Strukture Podataka\Programi vezbanje\Lab3\zad6\Debug\zad6.exe" /INCREMENTAL /NOLOGO kernel32.lib user32.lib gdi32.lib winspool.lib comdlg32.lib advapi32.lib shell32.lib ole32.lib oleaut32.lib uuid.lib odbc32.lib odbccp32.lib /MANIFEST /ManifestFile:"Debug\zad6.exe.intermediate.manifest" /MANIFESTUAC:"level='asInvoker' uiAccess='false'" /DEBUG /PDB:"D:\Elfak\IV Semestar\Strukture Podataka\Programi vezbanje\Lab3\zad6\Debug\zad6.pdb" /SUBSYSTEM:CONSOLE /TLBID:1 /DYNAMICBASE /NXCOMPAT /IMPLIB:"D:\Elfak\IV Semestar\Strukture Podataka\Programi vezbanje\Lab3\zad6\Debug\zad6.lib" /MACHINE:X86 Debug\zad6.exe.embed.manifest.res
         Debug\DequeueAsLList.obj
         Debug\main.obj
         Debug\Node.obj
       Manifest:
         Deleting file "Debug\zad6.exe.embed.manifest".
         C:\Program Files (x86)\Microsoft SDKs\Windows\v7.0A\bin\mt.exe /nologo /verbose /out:"Debug\zad6.exe.embed.manifest" /manifest Debug\zad6.exe.intermediate.manifest
         C:\Program Files (x86)\Microsoft SDKs\Windows\v7.0A\bin\rc.exe /nologo /fo"Debug\zad6.exe.embed.manifest.res" Debug\zad6_manifest.rc 
       LinkEmbedManifest:
         C:\Program Files (x86)\Microsoft Visual Studio 10.0\VC\bin\link.exe /ERRORREPORT:PROMPT /OUT:"D:\Elfak\IV Semestar\Strukture Podataka\Programi vezbanje\Lab3\zad6\Debug\zad6.exe" /INCREMENTAL /NOLOGO kernel32.lib user32.lib gdi32.lib winspool.lib comdlg32.lib advapi32.lib shell32.lib ole32.lib oleaut32.lib uuid.lib odbc32.lib odbccp32.lib /MANIFEST /ManifestFile:"Debug\zad6.exe.intermediate.manifest" /MANIFESTUAC:"level='asInvoker' uiAccess='false'" /DEBUG /PDB:"D:\Elfak\IV Semestar\Strukture Podataka\Programi vezbanje\Lab3\zad6\Debug\zad6.pdb" /SUBSYSTEM:CONSOLE /TLBID:1 /DYNAMICBASE /NXCOMPAT /IMPLIB:"D:\Elfak\IV Semestar\Strukture Podataka\Programi vezbanje\Lab3\zad6\Debug\zad6.lib" /MACHINE:X86 Debug\zad6.exe.embed.manifest.res
         Debug\DequeueAsLList.obj
         Debug\main.obj
         Debug\Node.obj
         zad6.vcxproj -> D:\Elfak\IV Semestar\Strukture Podataka\Programi vezbanje\Lab3\zad6\Debug\zad6.exe
       FinalizeBuildStatus:
         Deleting file "Debug\zad6.unsuccessfulbuild".
         Touching "Debug\zad6.lastbuildstate".
     1>Done Building Project "D:\Elfak\IV Semestar\Strukture Podataka\Programi vezbanje\Lab3\zad6\zad6\zad6.vcxproj" (rebuild target(s)).

Build succeeded.

Time Elapsed 00:00:04.84
