Build started 02-Jun-13 17:46:11.
     1>Project "C:\Users\LAZAR\Documents\Visual Studio 2010\Projects\Strukture podataka\HashSpoljasnjeUlancavanje\HashSpoljasnjeUlancavanje\HashSpoljasnjeUlancavanje.vcxproj" on node 2 (build target(s)).
     1>PrepareForBuild:
         Creating directory "C:\Users\LAZAR\Documents\Visual Studio 2010\Projects\Strukture podataka\HashSpoljasnjeUlancavanje\Debug\".
       InitializeBuildStatus:
         Creating "Debug\HashSpoljasnjeUlancavanje.unsuccessfulbuild" because "AlwaysCreate" was specified.
       ClCompile:
         C:\Program Files (x86)\Microsoft Visual Studio 10.0\VC\bin\CL.exe /c /ZI /nologo /W3 /WX- /Od /Oy- /D WIN32 /D _DEBUG /D _CONSOLE /D _UNICODE /D UNICODE /Gm /EHsc /RTC1 /MDd /GS /fp:precise /Zc:wchar_t /Zc:forScope /Fo"Debug\\" /Fd"Debug\vc100.pdb" /Gd /TP /analyze- /errorReport:prompt ChainedHashTable.cpp HashObject.cpp main.cpp SLList.cpp
         SLList.cpp
         main.cpp
         HashObject.cpp
         ChainedHashTable.cpp
         Generating Code...
       ManifestResourceCompile:
         C:\Program Files (x86)\Microsoft SDKs\Windows\v7.0A\bin\rc.exe /nologo /fo"Debug\HashSpoljasnjeUlancavanje.exe.embed.manifest.res" Debug\HashSpoljasnjeUlancavanje_manifest.rc 
       Link:
         C:\Program Files (x86)\Microsoft Visual Studio 10.0\VC\bin\link.exe /ERRORREPORT:PROMPT /OUT:"C:\Users\LAZAR\Documents\Visual Studio 2010\Projects\Strukture podataka\HashSpoljasnjeUlancavanje\Debug\HashSpoljasnjeUlancavanje.exe" /INCREMENTAL /NOLOGO kernel32.lib user32.lib gdi32.lib winspool.lib comdlg32.lib advapi32.lib shell32.lib ole32.lib oleaut32.lib uuid.lib odbc32.lib odbccp32.lib /MANIFEST /ManifestFile:"Debug\HashSpoljasnjeUlancavanje.exe.intermediate.manifest" /MANIFESTUAC:"level='asInvoker' uiAccess='false'" /DEBUG /PDB:"C:\Users\LAZAR\Documents\Visual Studio 2010\Projects\Strukture podataka\HashSpoljasnjeUlancavanje\Debug\HashSpoljasnjeUlancavanje.pdb" /SUBSYSTEM:CONSOLE /TLBID:1 /DYNAMICBASE /NXCOMPAT /IMPLIB:"C:\Users\LAZAR\Documents\Visual Studio 2010\Projects\Strukture podataka\HashSpoljasnjeUlancavanje\Debug\HashSpoljasnjeUlancavanje.lib" /MACHINE:X86 Debug\HashSpoljasnjeUlancavanje.exe.embed.manifest.res
         Debug\ChainedHashTable.obj
         Debug\HashObject.obj
         Debug\main.obj
         Debug\SLList.obj
       Manifest:
         C:\Program Files (x86)\Microsoft SDKs\Windows\v7.0A\bin\mt.exe /nologo /verbose /out:"Debug\HashSpoljasnjeUlancavanje.exe.embed.manifest" /manifest Debug\HashSpoljasnjeUlancavanje.exe.intermediate.manifest
         C:\Program Files (x86)\Microsoft SDKs\Windows\v7.0A\bin\rc.exe /nologo /fo"Debug\HashSpoljasnjeUlancavanje.exe.embed.manifest.res" Debug\HashSpoljasnjeUlancavanje_manifest.rc 
       LinkEmbedManifest:
         C:\Program Files (x86)\Microsoft Visual Studio 10.0\VC\bin\link.exe /ERRORREPORT:PROMPT /OUT:"C:\Users\LAZAR\Documents\Visual Studio 2010\Projects\Strukture podataka\HashSpoljasnjeUlancavanje\Debug\HashSpoljasnjeUlancavanje.exe" /INCREMENTAL /NOLOGO kernel32.lib user32.lib gdi32.lib winspool.lib comdlg32.lib advapi32.lib shell32.lib ole32.lib oleaut32.lib uuid.lib odbc32.lib odbccp32.lib /MANIFEST /ManifestFile:"Debug\HashSpoljasnjeUlancavanje.exe.intermediate.manifest" /MANIFESTUAC:"level='asInvoker' uiAccess='false'" /DEBUG /PDB:"C:\Users\LAZAR\Documents\Visual Studio 2010\Projects\Strukture podataka\HashSpoljasnjeUlancavanje\Debug\HashSpoljasnjeUlancavanje.pdb" /SUBSYSTEM:CONSOLE /TLBID:1 /DYNAMICBASE /NXCOMPAT /IMPLIB:"C:\Users\LAZAR\Documents\Visual Studio 2010\Projects\Strukture podataka\HashSpoljasnjeUlancavanje\Debug\HashSpoljasnjeUlancavanje.lib" /MACHINE:X86 Debug\HashSpoljasnjeUlancavanje.exe.embed.manifest.res
         Debug\ChainedHashTable.obj
         Debug\HashObject.obj
         Debug\main.obj
         Debug\SLList.obj
         HashSpoljasnjeUlancavanje.vcxproj -> C:\Users\LAZAR\Documents\Visual Studio 2010\Projects\Strukture podataka\HashSpoljasnjeUlancavanje\Debug\HashSpoljasnjeUlancavanje.exe
       FinalizeBuildStatus:
         Deleting file "Debug\HashSpoljasnjeUlancavanje.unsuccessfulbuild".
         Touching "Debug\HashSpoljasnjeUlancavanje.lastbuildstate".
     1>Done Building Project "C:\Users\LAZAR\Documents\Visual Studio 2010\Projects\Strukture podataka\HashSpoljasnjeUlancavanje\HashSpoljasnjeUlancavanje\HashSpoljasnjeUlancavanje.vcxproj" (build target(s)).

Build succeeded.

Time Elapsed 00:00:09.26
