D:\ELFAK\IV SEMESTAR\STRUKTURE PODATAKA\PROGRAMI VEZBANJE\LAB3\ZAD5\DEBUG\ZAD5.EXE
D:\ELFAK\IV SEMESTAR\STRUKTURE PODATAKA\PROGRAMI VEZBANJE\LAB3\ZAD5\DEBUG\ZAD5.ILK
D:\ELFAK\IV SEMESTAR\STRUKTURE PODATAKA\PROGRAMI VEZBANJE\LAB3\ZAD5\DEBUG\ZAD5.PDB
D:\Elfak\IV Semestar\Strukture Podataka\Programi vezbanje\Lab3\zad5\zad5\Debug\cl.command.1.tlog
D:\Elfak\IV Semestar\Strukture Podataka\Programi vezbanje\Lab3\zad5\zad5\Debug\CL.read.1.tlog
D:\Elfak\IV Semestar\Strukture Podataka\Programi vezbanje\Lab3\zad5\zad5\Debug\CL.write.1.tlog
D:\Elfak\IV Semestar\Strukture Podataka\Programi vezbanje\Lab3\zad5\zad5\Debug\link.3432.read.1.tlog
D:\Elfak\IV Semestar\Strukture Podataka\Programi vezbanje\Lab3\zad5\zad5\Debug\link.3432.write.1.tlog
D:\Elfak\IV Semestar\Strukture Podataka\Programi vezbanje\Lab3\zad5\zad5\Debug\link.3432-cvtres.read.1.tlog
D:\Elfak\IV Semestar\Strukture Podataka\Programi vezbanje\Lab3\zad5\zad5\Debug\link.3432-cvtres.write.1.tlog
D:\Elfak\IV Semestar\Strukture Podataka\Programi vezbanje\Lab3\zad5\zad5\Debug\link.command.1.tlog
D:\Elfak\IV Semestar\Strukture Podataka\Programi vezbanje\Lab3\zad5\zad5\Debug\link.read.1.tlog
D:\Elfak\IV Semestar\Strukture Podataka\Programi vezbanje\Lab3\zad5\zad5\Debug\link.write.1.tlog
D:\Elfak\IV Semestar\Strukture Podataka\Programi vezbanje\Lab3\zad5\zad5\Debug\link-cvtres.read.1.tlog
D:\Elfak\IV Semestar\Strukture Podataka\Programi vezbanje\Lab3\zad5\zad5\Debug\link-cvtres.write.1.tlog
D:\ELFAK\IV SEMESTAR\STRUKTURE PODATAKA\PROGRAMI VEZBANJE\LAB3\ZAD5\ZAD5\DEBUG\MAIN.OBJ
D:\Elfak\IV Semestar\Strukture Podataka\Programi vezbanje\Lab3\zad5\zad5\Debug\mt.command.1.tlog
D:\Elfak\IV Semestar\Strukture Podataka\Programi vezbanje\Lab3\zad5\zad5\Debug\mt.read.1.tlog
D:\Elfak\IV Semestar\Strukture Podataka\Programi vezbanje\Lab3\zad5\zad5\Debug\mt.write.1.tlog
D:\ELFAK\IV SEMESTAR\STRUKTURE PODATAKA\PROGRAMI VEZBANJE\LAB3\ZAD5\ZAD5\DEBUG\NODE.OBJ
D:\ELFAK\IV SEMESTAR\STRUKTURE PODATAKA\PROGRAMI VEZBANJE\LAB3\ZAD5\ZAD5\DEBUG\QUEUEASLLIST.OBJ
D:\Elfak\IV Semestar\Strukture Podataka\Programi vezbanje\Lab3\zad5\zad5\Debug\rc.command.1.tlog
D:\Elfak\IV Semestar\Strukture Podataka\Programi vezbanje\Lab3\zad5\zad5\Debug\rc.read.1.tlog
D:\Elfak\IV Semestar\Strukture Podataka\Programi vezbanje\Lab3\zad5\zad5\Debug\rc.write.1.tlog
D:\Elfak\IV Semestar\Strukture Podataka\Programi vezbanje\Lab3\zad5\zad5\Debug\vc100.idb
D:\ELFAK\IV SEMESTAR\STRUKTURE PODATAKA\PROGRAMI VEZBANJE\LAB3\ZAD5\ZAD5\DEBUG\VC100.PDB
D:\ELFAK\IV SEMESTAR\STRUKTURE PODATAKA\PROGRAMI VEZBANJE\LAB3\ZAD5\ZAD5\DEBUG\ZAD5.EXE.EMBED.MANIFEST
D:\ELFAK\IV SEMESTAR\STRUKTURE PODATAKA\PROGRAMI VEZBANJE\LAB3\ZAD5\ZAD5\DEBUG\ZAD5.EXE.EMBED.MANIFEST.RES
D:\ELFAK\IV SEMESTAR\STRUKTURE PODATAKA\PROGRAMI VEZBANJE\LAB3\ZAD5\ZAD5\DEBUG\ZAD5.EXE.INTERMEDIATE.MANIFEST
D:\Elfak\IV Semestar\Strukture Podataka\Programi vezbanje\Lab3\zad5\zad5\Debug\zad5_manifest.rc
